<?xml version="1.0" encoding="UTF-8"?>
<testsuite name="com.iptvcinema.tv.core.xtream.XtreamNormalizerTest" tests="3" skipped="0" failures="0" errors="0" timestamp="2026-06-27T00:50:39" hostname="Apples-MacBook-Pro.local" time="0.008">
  <properties/>
  <testcase name="normalizeSeriesInfo_prefersEpisodeSeasonOverMapKey" classname="com.iptvcinema.tv.core.xtream.XtreamNormalizerTest" time="0.008"/>
  <testcase name="normalizeSeriesInfo_usesSeasonMapKeyWhenEpisodeSeasonMissing" classname="com.iptvcinema.tv.core.xtream.XtreamNormalizerTest" time="0.0"/>
  <testcase name="seasonNumbersFromSeriesInfo_mergesSeasonMetadataAndEpisodes" classname="com.iptvcinema.tv.core.xtream.XtreamNormalizerTest" time="0.0"/>
  <system-out><![CDATA[]]></system-out>
  <system-err><![CDATA[]]></system-err>
</testsuite>
