<?xml version="1.0" encoding="UTF-8"?>
<testsuite name="com.iptvcinema.tv.core.player.WatchHistoryResumePolicyTest" tests="12" skipped="0" failures="0" errors="0" timestamp="2026-07-02T15:25:19" hostname="Apples-MacBook-Pro.local" time="0.003">
  <properties/>
  <testcase name="resumePositionMs_returnsPosition_whenInRange" classname="com.iptvcinema.tv.core.player.WatchHistoryResumePolicyTest" time="0.0"/>
  <testcase name="isContinueWatching_false_forCompleted" classname="com.iptvcinema.tv.core.player.WatchHistoryResumePolicyTest" time="0.001"/>
  <testcase name="resumePositionMs_returnsZero_whenBelowMinimum" classname="com.iptvcinema.tv.core.player.WatchHistoryResumePolicyTest" time="0.0"/>
  <testcase name="selectContinueWatching_includesMoviesAndRespectsLimit" classname="com.iptvcinema.tv.core.player.WatchHistoryResumePolicyTest" time="0.0"/>
  <testcase name="selectContinueWatching_keepsLatestEpisodePerSeries" classname="com.iptvcinema.tv.core.player.WatchHistoryResumePolicyTest" time="0.0"/>
  <testcase name="isNearEnd_true_atThreshold" classname="com.iptvcinema.tv.core.player.WatchHistoryResumePolicyTest" time="0.001"/>
  <testcase name="resumePositionMs_returnsZero_whenNearEnd" classname="com.iptvcinema.tv.core.player.WatchHistoryResumePolicyTest" time="0.0"/>
  <testcase name="shouldShowAutoplay_true_when30SecondsRemain" classname="com.iptvcinema.tv.core.player.WatchHistoryResumePolicyTest" time="0.001"/>
  <testcase name="isBeforeAutoplayWindow_true_whenOutsideWindow" classname="com.iptvcinema.tv.core.player.WatchHistoryResumePolicyTest" time="0.0"/>
  <testcase name="isContinueWatching_true_forInProgress" classname="com.iptvcinema.tv.core.player.WatchHistoryResumePolicyTest" time="0.0"/>
  <testcase name="shouldShowAutoplay_true_whenPlaybackEnded" classname="com.iptvcinema.tv.core.player.WatchHistoryResumePolicyTest" time="0.0"/>
  <testcase name="shouldShowAutoplay_false_whenMoreThan30SecondsRemain" classname="com.iptvcinema.tv.core.player.WatchHistoryResumePolicyTest" time="0.0"/>
  <system-out><![CDATA[]]></system-out>
  <system-err><![CDATA[]]></system-err>
</testsuite>
