<?xml version="1.0" encoding="UTF-8"?>
<testsuite name="com.iptvcinema.tv.core.player.EpisodeSequenceHelperTest" tests="7" skipped="0" failures="0" errors="0" timestamp="2026-07-02T15:25:19" hostname="Apples-MacBook-Pro.local" time="0.009">
  <properties/>
  <testcase name="upNextEpisodes_returnsFollowingEpisodes" classname="com.iptvcinema.tv.core.player.EpisodeSequenceHelperTest" time="0.008"/>
  <testcase name="previousEpisode_returnsPreviousInSeason" classname="com.iptvcinema.tv.core.player.EpisodeSequenceHelperTest" time="0.0"/>
  <testcase name="nextEpisode_returnsNextInSeason" classname="com.iptvcinema.tv.core.player.EpisodeSequenceHelperTest" time="0.0"/>
  <testcase name="previousEpisode_crossesSeasonBoundary" classname="com.iptvcinema.tv.core.player.EpisodeSequenceHelperTest" time="0.001"/>
  <testcase name="nextEpisode_returnsNull_forLastEpisode" classname="com.iptvcinema.tv.core.player.EpisodeSequenceHelperTest" time="0.0"/>
  <testcase name="previousEpisode_returnsNull_forFirstEpisode" classname="com.iptvcinema.tv.core.player.EpisodeSequenceHelperTest" time="0.0"/>
  <testcase name="nextEpisode_crossesSeasonBoundary" classname="com.iptvcinema.tv.core.player.EpisodeSequenceHelperTest" time="0.0"/>
  <system-out><![CDATA[]]></system-out>
  <system-err><![CDATA[]]></system-err>
</testsuite>
