<?xml version="1.0" encoding="UTF-8"?>
<testsuite name="com.iptvcinema.tv.core.m3u.M3uNormalizerTest" tests="3" skipped="0" failures="0" errors="0" timestamp="2026-06-27T00:50:39" hostname="Apples-MacBook-Pro.local" time="0.002">
  <properties/>
  <testcase name="channelId_differsForDifferentUrls" classname="com.iptvcinema.tv.core.m3u.M3uNormalizerTest" time="0.001"/>
  <testcase name="normalizeLiveCatalog_createsCategoriesFromGroupTitle" classname="com.iptvcinema.tv.core.m3u.M3uNormalizerTest" time="0.001"/>
  <testcase name="channelId_isStableForSameUrl" classname="com.iptvcinema.tv.core.m3u.M3uNormalizerTest" time="0.0"/>
  <system-out><![CDATA[]]></system-out>
  <system-err><![CDATA[]]></system-err>
</testsuite>
