<?xml version="1.0" encoding="UTF-8"?>
<testsuite name="com.iptvcinema.tv.core.epg.XmltvParserTest" tests="2" skipped="0" failures="0" errors="0" timestamp="2026-07-02T15:25:19" hostname="Apples-MacBook-Pro.local" time="0.003">
  <properties/>
  <testcase name="buildChannelLookup_matchesTvgIdAndNormalizedName" classname="com.iptvcinema.tv.core.epg.XmltvParserTest" time="0.002"/>
  <testcase name="isProgramInIngestWindow_filtersOutsidePastAndFutureBounds" classname="com.iptvcinema.tv.core.epg.XmltvParserTest" time="0.001"/>
  <system-out><![CDATA[]]></system-out>
  <system-err><![CDATA[]]></system-err>
</testsuite>
