<?xml version="1.0" encoding="UTF-8"?>
<testsuite name="com.iptvcinema.tv.core.supabase.security.CloudCredentialsCipherTest" tests="5" skipped="0" failures="0" errors="0" timestamp="2026-07-02T15:25:19" hostname="Apples-MacBook-Pro.local" time="0.088">
  <properties/>
  <testcase name="encryptXtream_roundTripsCredentials" classname="com.iptvcinema.tv.core.supabase.security.CloudCredentialsCipherTest" time="0.082"/>
  <testcase name="encryptM3u_roundTripsCredentials" classname="com.iptvcinema.tv.core.supabase.security.CloudCredentialsCipherTest" time="0.004"/>
  <testcase name="decryptXtream_rejectsWrongUserKey" classname="com.iptvcinema.tv.core.supabase.security.CloudCredentialsCipherTest" time="0.001"/>
  <testcase name="decryptXtream_rejectsM3uPayload" classname="com.iptvcinema.tv.core.supabase.security.CloudCredentialsCipherTest" time="0.001"/>
  <testcase name="encryptedPayload_matchesSupabasePostgresOffsetTimestampShape" classname="com.iptvcinema.tv.core.supabase.security.CloudCredentialsCipherTest" time="0.0"/>
  <system-out><![CDATA[]]></system-out>
  <system-err><![CDATA[]]></system-err>
</testsuite>
