<?xml version="1.0" encoding="UTF-8"?>
<testsuite name="com.iptvcinema.tv.core.xtream.XtreamSkipRefetchTest" tests="6" skipped="0" failures="0" errors="0" timestamp="2026-06-27T00:50:39" hostname="Apples-MacBook-Pro.local" time="0.004">
  <properties/>
  <testcase name="matchesXtreamSource_rejectsDifferentUsername" classname="com.iptvcinema.tv.core.xtream.XtreamSkipRefetchTest" time="0.002"/>
  <testcase name="hasCachedCatalogData_trueWhenSyncStateHasChannels" classname="com.iptvcinema.tv.core.xtream.XtreamSkipRefetchTest" time="0.001"/>
  <testcase name="hasCachedCatalogData_trueWhenRoomHasChannelsWithoutSyncState" classname="com.iptvcinema.tv.core.xtream.XtreamSkipRefetchTest" time="0.0"/>
  <testcase name="matchesXtreamSource_rejectsMissingStoredCredentials" classname="com.iptvcinema.tv.core.xtream.XtreamSkipRefetchTest" time="0.0"/>
  <testcase name="hasCachedCatalogData_falseWhenEmpty" classname="com.iptvcinema.tv.core.xtream.XtreamSkipRefetchTest" time="0.0"/>
  <testcase name="matchesXtreamSource_matchesNormalizedServerAndUsername" classname="com.iptvcinema.tv.core.xtream.XtreamSkipRefetchTest" time="0.0"/>
  <system-out><![CDATA[]]></system-out>
  <system-err><![CDATA[]]></system-err>
</testsuite>
