<?xml version="1.0" encoding="UTF-8"?>
<testsuite name="com.iptvcinema.tv.core.epg.GuideLayoutHelperTest" tests="7" skipped="0" failures="0" errors="0" timestamp="2026-07-02T15:25:19" hostname="Apples-MacBook-Pro.local" time="0.041">
  <properties/>
  <testcase name="programsForSelectedChannel_prefersRealPrograms" classname="com.iptvcinema.tv.core.epg.GuideLayoutHelperTest" time="0.01"/>
  <testcase name="shiftWindowStart_movesByRequestedHours" classname="com.iptvcinema.tv.core.epg.GuideLayoutHelperTest" time="0.0"/>
  <testcase name="currentTimeFraction_isNullOutsideWindow" classname="com.iptvcinema.tv.core.epg.GuideLayoutHelperTest" time="0.0"/>
  <testcase name="programWidthFraction_respectsMinimumWidth" classname="com.iptvcinema.tv.core.epg.GuideLayoutHelperTest" time="0.001"/>
  <testcase name="programsForSelectedChannel_returnsPlaceholderWhenEmpty" classname="com.iptvcinema.tv.core.epg.GuideLayoutHelperTest" time="0.019"/>
  <testcase name="programsInWindow_keepsOverlappingPrograms" classname="com.iptvcinema.tv.core.epg.GuideLayoutHelperTest" time="0.011"/>
  <testcase name="timelineSlotStarts_coversWindow" classname="com.iptvcinema.tv.core.epg.GuideLayoutHelperTest" time="0.0"/>
  <system-out><![CDATA[]]></system-out>
  <system-err><![CDATA[]]></system-err>
</testsuite>
