<?xml version="1.0" encoding="UTF-8"?>
<testsuite name="com.iptvcinema.tv.core.m3u.M3uParserTest" tests="6" skipped="0" failures="0" errors="0" timestamp="2026-07-02T15:25:19" hostname="Apples-MacBook-Pro.local" time="0.003">
  <properties/>
  <testcase name="parse_missingLogo_usesDisplayName" classname="com.iptvcinema.tv.core.m3u.M3uParserTest" time="0.0"/>
  <testcase name="parse_emptyPlaylist_returnsEmptyList" classname="com.iptvcinema.tv.core.m3u.M3uParserTest" time="0.001"/>
  <testcase name="parse_bomAndExtVlcOpt_toleratesInput" classname="com.iptvcinema.tv.core.m3u.M3uParserTest" time="0.0"/>
  <testcase name="parse_standardExtInf_extractsAttributesAndUrl" classname="com.iptvcinema.tv.core.m3u.M3uParserTest" time="0.0"/>
  <testcase name="parse_unicodeName_parsesCorrectly" classname="com.iptvcinema.tv.core.m3u.M3uParserTest" time="0.001"/>
  <testcase name="parse_badRows_skipsInvalidEntries" classname="com.iptvcinema.tv.core.m3u.M3uParserTest" time="0.001"/>
  <system-out><![CDATA[]]></system-out>
  <system-err><![CDATA[]]></system-err>
</testsuite>
